#
# A fatal error has been detected by the Java Runtime Environment:
#
#  SIGSEGV (0xb) at pc=0x000000010c82219b, pid=4931, tid=0x0000000000002b03
#
# JRE version: OpenJDK Runtime Environment (8.0_152-b08) (build 1.8.0_152-release-915-b08)
# Java VM: OpenJDK 64-Bit Server VM (25.152-b08 mixed mode bsd-amd64 compressed oops)
# Problematic frame:
# V  [libjvm.dylib+0x42219b]  ObjArrayKlass::oop_follow_contents(ParCompactionManager*, oopDesc*)+0xff
#
# Failed to write core dump. Core dumps have been disabled. To enable core dumping, try "ulimit -c unlimited" before starting Java again
#
# If you would like to submit a bug report, please visit:
#   http://bugreport.java.com/bugreport/crash.jsp
#

---------------  T H R E A D  ---------------

Current thread (0x00007fff4e801000):  GCTaskThread [stack: 0x0000700005aec000,0x0000700005bec000] [id=11011]

siginfo: si_signo: 11 (SIGSEGV), si_code: 0 (unknown), si_addr: 0x0000000000000000

Registers:
RAX=0x1fffffff94000000, RBX=0x00000007644f80c8, RCX=0x000000010d727000, RDX=0x007ffffffe500000
RSP=0x0000700005bebc60, RBP=0x0000700005bebce0, RSI=0x00007fff4bc15870, RDI=0x0000000000000001
R8 =0x0000000000000089, R9 =0x000000010cbf1d5b, R10=0x000000010f03ae00, R11=0x000000010d83ae00
R12=0x0000000400000000, R13=0x000000010cbf7128, R14=0x0000000000000005, R15=0x00000007644f80d4
RIP=0x000000010c82219b, EFLAGS=0x0000000000010206, ERR=0x0000000000000000
  TRAPNO=0x000000000000000d

Top of Stack: (sp=0x0000700005bebc60)
0x0000700005bebc60:   00000007644f80a8 00000007644f80b0
0x0000700005bebc70:   00007fff4bc158b0 0000000000000005
0x0000700005bebc80:   0000000000000005 0000000000000000
0x0000700005bebc90:   00000007c0016048 00000007644f8090
0x0000700005bebca0:   00007fff4bc15870 00000007c0016050
0x0000700005bebcb0:   00007fff4bc15870 00007fff4bc15870
0x0000700005bebcc0:   000000010cbf65e0 000000010cbe0d60
0x0000700005bebcd0:   00007fff4bc15878 000000010cbf1d59
0x0000700005bebce0:   0000700005bebd60 000000010c8685cd
0x0000700005bebcf0:   0000700005bebd20 00007fff4bc158b0
0x0000700005bebd00:   00007fff4bc15930 00000007644f80b0
0x0000700005bebd10:   00007fff4bc158f8 0000000000000003
0x0000700005bebd20:   0000700005bebd60 000000010c87059c
0x0000700005bebd30:   000000010cbba1b8 00007fff4bc15870
0x0000700005bebd40:   000000010cbe0d60 000000010cbf1d59
0x0000700005bebd50:   0000700005bebd74 0000000000000003
0x0000700005bebd60:   0000700005bebdc0 000000010c85a679
0x0000700005bebd70:   6fb4c1f105bebd90 00007fff58ad1f60
0x0000700005bebd80:   0000000773ffafc8 00007fff00000200
0x0000700005bebd90:   0000000765474d80 00007fff4e801000
0x0000700005bebda0:   00007fff58ad1f60 000000010c9a13d9
0x0000700005bebdb0:   0000000000000000 0000000000000001
0x0000700005bebdc0:   0000700005bebea0 000000010c6539a8
0x0000700005bebdd0:   000000010cbf1e60 00007fff4e801000
0x0000700005bebde0:   00007fff4d1014b0 00007fff4d1014f0
0x0000700005bebdf0:   00007fff4d101500 00007fff4d1015d8
0x0000700005bebe00:   00000000000000d8 00007fff4d1016f0
0x0000700005bebe10:   00007fff4e801000 00007fff4d1014b0
0x0000700005bebe20:   00007fff4d1014f0 00007fff4d101500
0x0000700005bebe30:   00007fff4d1015d8 00000000000000d8
0x0000700005bebe40:   0000700005bebdd8 00007fff4d101090
0x0000700005bebe50:   00007fff4d1010c0 00007fff4d1010d0 

Instructions: (pc=0x000000010c82219b)
0x000000010c82217b:   e0 49 2b 45 00 48 c1 e8 03 48 8d 0d bd b7 3a 00
0x000000010c82218b:   8a 09 48 d3 e8 49 8b 4d 30 48 89 c2 48 c1 ea 06
0x000000010c82219b:   48 8b 0c d1 48 0f a3 c1 0f 82 0f 01 00 00 48 8d
0x000000010c8221ab:   05 a9 fb 3c 00 8a 10 84 d2 74 17 48 8d 05 a3 eb 

Register to memory mapping:

RAX=0x1fffffff94000000 is an unknown value
RBX=0x00000007644f80c8 is pointing into object: 0x00000007644f80b0
[Ljava.lang.Object; 
 - klass: 'java/lang/Object'[]
 - length: 5
RCX=0x000000010d727000 is an unknown value
RDX=0x007ffffffe500000 is an unknown value
RSP=0x0000700005bebc60 is an unknown value
RBP=0x0000700005bebce0 is an unknown value
RSI=0x00007fff4bc15870 is an unknown value
RDI=0x0000000000000001 is an unknown value
R8 =0x0000000000000089 is an unknown value
R9 =0x000000010cbf1d5b: AssumeMP+0 in /Applications/Android Studio.app/Contents/jre/jdk/Contents/Home/jre/lib/server/libjvm.dylib at 0x000000010c400000
R10=0x000000010f03ae00 is an unknown value
R11=0x000000010d83ae00 is an unknown value
R12=0x0000000400000000 is an unknown value
R13=0x000000010cbf7128: _ZN17PSParallelCompact12_mark_bitmapE+0 in /Applications/Android Studio.app/Contents/jre/jdk/Contents/Home/jre/lib/server/libjvm.dylib at 0x000000010c400000
R14=0x0000000000000005 is an unknown value
R15=0x00000007644f80d4 is pointing into object: 0x00000007644f80b0
[Ljava.lang.Object; 
 - klass: 'java/lang/Object'[]
 - length: 5


Stack: [0x0000700005aec000,0x0000700005bec000],  sp=0x0000700005bebc60,  free space=1023k
Native frames: (J=compiled Java code, j=interpreted, Vv=VM code, C=native code)
V  [libjvm.dylib+0x42219b]  ObjArrayKlass::oop_follow_contents(ParCompactionManager*, oopDesc*)+0xff
V  [libjvm.dylib+0x4685cd]  ParCompactionManager::follow_marking_stacks()+0x145
V  [libjvm.dylib+0x45a679]  StealMarkingTask::do_it(GCTaskManager*, unsigned int)+0xd9
V  [libjvm.dylib+0x2539a8]  GCTaskThread::run()+0x130
V  [libjvm.dylib+0x4345d9]  java_start(Thread*)+0xfa
C  [libsystem_pthread.dylib+0x393b]  _pthread_body+0xb4
C  [libsystem_pthread.dylib+0x3887]  _pthread_body+0x0
C  [libsystem_pthread.dylib+0x308d]  thread_start+0xd


---------------  P R O C E S S  ---------------

Java Threads: ( => current thread )
  0x00007fff58b7b000 JavaThread "pool-222-thread-1" [_thread_blocked, id=56839, stack(0x000070000a3c4000,0x000070000a4c4000)]
  0x00007fff4c67f800 JavaThread "stdout" daemon [_thread_in_native, id=42315, stack(0x000070000a2c1000,0x000070000a3c1000)]
  0x00007fff4dfb7000 JavaThread "stderr" daemon [_thread_in_native, id=49591, stack(0x000070000a1be000,0x000070000a2be000)]
  0x00007fff58b7a000 JavaThread "stdout" daemon [_thread_in_native, id=39711, stack(0x000070000a0bb000,0x000070000a1bb000)]
  0x00007fff4f650000 JavaThread "stderr" daemon [_thread_in_native, id=4863, stack(0x0000700009fb8000,0x000070000a0b8000)]
  0x00007fff4fb08000 JavaThread "stdout" daemon [_thread_in_native, id=33867, stack(0x0000700009eb5000,0x0000700009fb5000)]
  0x00007fff500f1800 JavaThread "stderr" daemon [_thread_in_native, id=46375, stack(0x0000700009db2000,0x0000700009eb2000)]
  0x00007fff4f64f800 JavaThread "process reaper" daemon [_thread_in_native, id=30395, stack(0x00007000095f0000,0x0000700009618000)]
  0x00007fff4c9b8000 JavaThread "stdout" daemon [_thread_in_native, id=52335, stack(0x0000700009caf000,0x0000700009daf000)]
  0x00007fff500f0800 JavaThread "stderr" daemon [_thread_in_native, id=50171, stack(0x0000700009bac000,0x0000700009cac000)]
  0x00007fff58680000 JavaThread "stdout" daemon [_thread_in_native, id=51027, stack(0x0000700009aa9000,0x0000700009ba9000)]
  0x00007fff5896c800 JavaThread "stderr" daemon [_thread_in_native, id=34507, stack(0x00007000099a6000,0x0000700009aa6000)]
  0x00007fff5896c000 JavaThread "stdout" daemon [_thread_in_native, id=28199, stack(0x00007000098a3000,0x00007000099a3000)]
  0x00007fff58e4b000 JavaThread "stderr" daemon [_thread_in_native, id=39187, stack(0x00007000097a0000,0x00007000098a0000)]
  0x00007fff58e4a000 JavaThread "process reaper" daemon [_thread_in_native, id=38455, stack(0x00007000095c5000,0x00007000095ed000)]
  0x00007fff4f727800 JavaThread "process reaper" daemon [_thread_in_native, id=37679, stack(0x000070000959a000,0x00007000095c2000)]
  0x00007fff4c860000 JavaThread "process reaper" daemon [_thread_in_native, id=45847, stack(0x00007000071dc000,0x0000700007204000)]
  0x00007fff4f726800 JavaThread "stdout" daemon [_thread_in_native, id=25603, stack(0x0000700009497000,0x0000700009597000)]
  0x00007fff5867f000 JavaThread "stderr" daemon [_thread_in_native, id=31595, stack(0x0000700009394000,0x0000700009494000)]
  0x00007fff4c9f6000 JavaThread "process reaper" daemon [_thread_in_native, id=54075, stack(0x00007000071b1000,0x00007000071d9000)]
  0x00007fff4dfb6000 JavaThread "process reaper" daemon [_thread_in_native, id=56315, stack(0x00007000056b0000,0x00007000056d8000)]
  0x00007fff57a3b000 JavaThread "process reaper" daemon [_thread_in_native, id=31063, stack(0x0000700005685000,0x00007000056ad000)]
  0x00007fff4e08a800 JavaThread "stdout" daemon [_thread_in_native, id=51483, stack(0x0000700009291000,0x0000700009391000)]
  0x00007fff4cf36800 JavaThread "stderr" daemon [_thread_in_native, id=57315, stack(0x000070000918e000,0x000070000928e000)]
  0x00007fff500f0000 JavaThread "process reaper" daemon [_thread_in_native, id=27635, stack(0x000070000565a000,0x0000700005682000)]
  0x00007fff50609000 JavaThread "queued-resource-processor_1072" daemon [_thread_blocked, id=28447, stack(0x000070000908b000,0x000070000918b000)]
  0x00007fff59626800 JavaThread "queued-resource-processor_1071" daemon [_thread_blocked, id=39595, stack(0x0000700008f88000,0x0000700009088000)]
  0x00007fff4c9b2800 JavaThread "queued-resource-processor_1070" daemon [_thread_blocked, id=33743, stack(0x0000700008e85000,0x0000700008f85000)]
  0x00007fff59625800 JavaThread "queued-resource-processor_1069" daemon [_thread_blocked, id=48915, stack(0x0000700008d82000,0x0000700008e82000)]
  0x00007fff59027000 JavaThread "queued-resource-processor_1068" daemon [_thread_blocked, id=37935, stack(0x0000700008c7f000,0x0000700008d7f000)]
  0x00007fff5a3c6000 JavaThread "queued-resource-processor_1067" daemon [_thread_blocked, id=47619, stack(0x0000700008b7c000,0x0000700008c7c000)]
  0x00007fff4eee9800 JavaThread "queued-resource-processor_1066" daemon [_thread_blocked, id=59307, stack(0x0000700008a79000,0x0000700008b79000)]
  0x00007fff5a625000 JavaThread "queued-resource-processor_1065" daemon [_thread_blocked, id=35755, stack(0x0000700008976000,0x0000700008a76000)]
  0x00007fff59026000 JavaThread "Task worker for ':' Thread 7" [_thread_blocked, id=41195, stack(0x0000700008873000,0x0000700008973000)]
  0x00007fff58627800 JavaThread "Task worker for ':' Thread 6" [_thread_blocked, id=25899, stack(0x0000700008770000,0x0000700008870000)]
  0x00007fff59045000 JavaThread "Task worker for ':' Thread 5" [_thread_blocked, id=30199, stack(0x000070000866d000,0x000070000876d000)]
  0x00007fff58548000 JavaThread "Task worker for ':' Thread 4" [_thread_blocked, id=24563, stack(0x000070000856a000,0x000070000866a000)]
  0x00007fff592d6800 JavaThread "Task worker for ':' Thread 3" [_thread_blocked, id=29419, stack(0x0000700008467000,0x0000700008567000)]
  0x00007fff4edeb800 JavaThread "Task worker for ':' Thread 2" [_thread_blocked, id=31283, stack(0x0000700008364000,0x0000700008464000)]
  0x00007fff4f946800 JavaThread "Task worker for ':'" [_thread_blocked, id=48839, stack(0x0000700008261000,0x0000700008361000)]
  0x00007fff4ec22800 JavaThread "Cache worker for task history cache (/Users/asvetlichniy/git/BoshApp/.gradle/4.1/taskHistory)" [_thread_blocked, id=37359, stack(0x000070000815e000,0x000070000825e000)]
  0x00007fff572f8800 JavaThread "Cache worker for file content cache (/Users/asvetlichniy/git/BoshApp/.gradle/4.1/fileContent)" [_thread_blocked, id=40767, stack(0x000070000805b000,0x000070000815b000)]
  0x00007fff572fa000 JavaThread "build operations Thread 8" [_thread_blocked, id=59023, stack(0x0000700007d52000,0x0000700007e52000)]
  0x00007fff59046000 JavaThread "build operations Thread 7" [_thread_blocked, id=34803, stack(0x0000700007c4f000,0x0000700007d4f000)]
  0x00007fff592d7000 JavaThread "build operations Thread 6" [_thread_blocked, id=42543, stack(0x0000700007b4c000,0x0000700007c4c000)]
  0x00007fff5954a800 JavaThread "build operations Thread 5" [_thread_blocked, id=41271, stack(0x0000700007a49000,0x0000700007b49000)]
  0x00007fff59048000 JavaThread "build operations Thread 4" [_thread_blocked, id=34287, stack(0x0000700007946000,0x0000700007a46000)]
  0x00007fff58033000 JavaThread "build operations Thread 3" [_thread_blocked, id=45567, stack(0x0000700007843000,0x0000700007943000)]
  0x00007fff4cd0e800 JavaThread "build operations Thread 2" [_thread_blocked, id=54539, stack(0x0000700007740000,0x0000700007840000)]
  0x00007fff58e46800 JavaThread "build operations" [_thread_blocked, id=38695, stack(0x000070000763d000,0x000070000773d000)]
  0x00007fff56df1800 JavaThread "Cache worker for Artifact transforms cache (/Users/asvetlichniy/.gradle/caches/transforms-1)" [_thread_blocked, id=43003, stack(0x000070000753a000,0x000070000763a000)]
  0x00007fff4e9b6800 JavaThread "Cache worker for file hash cache (/Users/asvetlichniy/git/BoshApp/.gradle/4.1/fileHashes)" [_thread_blocked, id=26127, stack(0x0000700007437000,0x0000700007537000)]
  0x00007fff5776c000 JavaThread "Stdin handler" [_thread_blocked, id=43523, stack(0x00007000070ae000,0x00007000071ae000)]
  0x00007fff500e6000 JavaThread "Asynchronous log dispatcher for DefaultDaemonConnection: socket connection from /127.0.0.1:58880 to /127.0.0.1:56976" [_thread_blocked, id=36371, stack(0x0000700006fab000,0x00007000070ab000)]
  0x00007fff5776e000 JavaThread "Daemon worker Thread 73" [_thread_blocked, id=50535, stack(0x0000700006ea8000,0x0000700006fa8000)]
  0x00007fff50328000 JavaThread "Cancel handler" [_thread_blocked, id=30783, stack(0x0000700006da5000,0x0000700006ea5000)]
  0x00007fff57933000 JavaThread "Handler for socket connection from /127.0.0.1:58880 to /127.0.0.1:56976" [_thread_in_native, id=47955, stack(0x0000700006ca2000,0x0000700006da2000)]
  0x00007fff58a84000 JavaThread "Daemon Thread 73" [_thread_blocked, id=36647, stack(0x0000700005557000,0x0000700005657000)]
  0x00007fff4c210000 JavaThread "Java2D Disposer" daemon [_thread_blocked, id=43783, stack(0x000070000969d000,0x000070000979d000)]
  0x00007fff55f3e800 JavaThread "AWT-AppKit" daemon [_thread_in_native, id=775, stack(0x00007fff54120000,0x00007fff54920000)]
  0x00007fff4d824800 JavaThread "Memory manager" [_thread_blocked, id=5127, stack(0x0000700007f58000,0x0000700008058000)]
  0x00007fff56a10000 JavaThread "pool-1-thread-1" [_thread_blocked, id=4103, stack(0x0000700007e55000,0x0000700007f55000)]
  0x00007fff4eb1e000 JavaThread "File lock request listener" [_thread_in_native, id=26883, stack(0x0000700007334000,0x0000700007434000)]
  0x00007fff4e68e000 JavaThread "Cache worker for file hash cache (/Users/asvetlichniy/.gradle/caches/4.1/fileHashes)" [_thread_blocked, id=26371, stack(0x0000700007231000,0x0000700007331000)]
  0x00007fff4c41c000 JavaThread "Daemon periodic checks" [_thread_blocked, id=22787, stack(0x0000700006b1c000,0x0000700006c1c000)]
  0x00007fff4c419000 JavaThread "Incoming local TCP Connector on port 58880" [_thread_in_native, id=22275, stack(0x0000700006a19000,0x0000700006b19000)]
  0x00007fff4c062000 JavaThread "Service Thread" daemon [_thread_blocked, id=21251, stack(0x0000700006813000,0x0000700006913000)]
  0x00007fff4e052800 JavaThread "C1 CompilerThread3" daemon [_thread_blocked, id=20739, stack(0x0000700006710000,0x0000700006810000)]
  0x00007fff4d81e000 JavaThread "C2 CompilerThread2" daemon [_thread_blocked, id=20227, stack(0x000070000660d000,0x000070000670d000)]
  0x00007fff4d81d800 JavaThread "C2 CompilerThread1" daemon [_thread_blocked, id=19715, stack(0x000070000650a000,0x000070000660a000)]
  0x00007fff4c02d000 JavaThread "C2 CompilerThread0" daemon [_thread_blocked, id=19203, stack(0x0000700006407000,0x0000700006507000)]
  0x00007fff4c01f000 JavaThread "Signal Dispatcher" daemon [_thread_blocked, id=18691, stack(0x0000700006304000,0x0000700006404000)]
  0x00007fff4e038800 JavaThread "Finalizer" daemon [_thread_blocked, id=14595, stack(0x0000700006201000,0x0000700006301000)]
  0x00007fff4c018000 JavaThread "Reference Handler" daemon [_thread_blocked, id=14083, stack(0x00007000060fe000,0x00007000061fe000)]
  0x00007fff4d801800 JavaThread "main" [_thread_blocked, id=7171, stack(0x00007000056e0000,0x00007000057e0000)]

Other Threads:
  0x00007fff4c015800 VMThread [stack: 0x0000700005ffb000,0x00007000060fb000] [id=13571]
  0x00007fff4c020000 WatcherThread [stack: 0x0000700006916000,0x0000700006a16000] [id=21763]

=>0x00007fff4e801000 (exited) GCTaskThread [stack: 0x0000700005aec000,0x0000700005bec000] [id=11011]

VM state:at safepoint (normal execution)

VM Mutex/Monitor currently owned by a thread:  ([mutex/lock_event])
[0x00007fff4bc10ab0] Threads_lock - owner thread: 0x00007fff4c015800
[0x00007fff4bc10fb0] Heap_lock - owner thread: 0x00007fff4f946800

Heap:
 PSYoungGen      total 349184K, used 174127K [0x00000007a0000000, 0x00000007c0000000, 0x00000007c0000000)
  eden space 174592K, 99% used [0x00000007a0000000,0x00000007aaa0be38,0x00000007aaa80000)
  from space 174592K, 0% used [0x00000007aaa80000,0x00000007aaa80000,0x00000007b5500000)
  to   space 174592K, 0% used [0x00000007b5580000,0x00000007b5580000,0x00000007c0000000)
 ParOldGen       total 1048576K, used 962225K [0x0000000760000000, 0x00000007a0000000, 0x00000007a0000000)
  object space 1048576K, 91% used [0x0000000760000000,0x000000079abac698,0x00000007a0000000)
 Metaspace       used 173089K, capacity 194241K, committed 195800K, reserved 1216512K
  class space    used 22690K, capacity 28827K, committed 29184K, reserved 1048576K

Card table byte_map: [0x000000010d226000,0x000000010d527000] byte_map_base: 0x0000000109726000

Marking Bits: (ParMarkBitMap*) 0x000000010cbf7128
 Begin Bits: [0x000000010d727000, 0x000000010ef27000)
 End Bits:   [0x000000010ef27000, 0x0000000110727000)

Polling page: 0x000000010b398000

CodeCache: size=245760Kb used=124767Kb max_used=124896Kb free=120992Kb
 bounds [0x000000011804a000, 0x000000011fb2a000, 0x000000012704a000]
 total_blobs=34484 nmethods=33495 adapters=901
 compilation: enabled

Compilation events (10 events):
Event: 25746.460 Thread 0x00007fff4e052800 60528       3       com.android.ide.common.resources.configuration.FolderConfiguration::equals (65 bytes)
Event: 25746.461 Thread 0x00007fff4e052800 nmethod 60528 0x000000011faf2010 code [0x000000011faf21c0, 0x000000011faf28e8]
Event: 25746.518 Thread 0x00007fff4e052800 60529       3       org.antlr.v4.runtime.atn.ParserATNSimulator::evalSemanticContext (115 bytes)
Event: 25746.518 Thread 0x00007fff4e052800 nmethod 60529 0x000000011b2944d0 code [0x000000011b2946a0, 0x000000011b294e68]
Event: 25746.519 Thread 0x00007fff4d81e000 60531       4       org.antlr.v4.runtime.ParserRuleContext::getChildCount (21 bytes)
Event: 25746.521 Thread 0x00007fff4d81e000 nmethod 60531 0x000000011faf0850 code [0x000000011faf09a0, 0x000000011faf0a38]
Event: 25746.524 Thread 0x00007fff4e052800 60530       3       org.antlr.v4.runtime.atn.ParserATNSimulator::evalSemanticContext (10 bytes)
Event: 25746.524 Thread 0x00007fff4e052800 nmethod 60530 0x000000011b5d9e10 code [0x000000011b5d9f80, 0x000000011b5da1a8]
Event: 25746.602 Thread 0x00007fff4e052800 60532       3       com.android.ide.common.blame.MergingLogPersistUtil::getSingleFile (37 bytes)
Event: 25746.603 Thread 0x00007fff4e052800 nmethod 60532 0x000000011faf1210 code [0x000000011faf1400, 0x000000011faf1c48]

GC Heap History (10 events):
Event: 25483.600 GC heap after
Heap after GC invocations=330 (full 24):
 PSYoungGen      total 349696K, used 7614K [0x00000007a0000000, 0x00000007c0000000, 0x00000007c0000000)
  eden space 175104K, 0% used [0x00000007a0000000,0x00000007a0000000,0x00000007aab00000)
  from space 174592K, 4% used [0x00000007b5580000,0x00000007b5cefa98,0x00000007c0000000)
  to   space 174592K, 0% used [0x00000007aab00000,0x00000007aab00000,0x00000007b5580000)
 ParOldGen       total 1048576K, used 902775K [0x0000000760000000, 0x00000007a0000000, 0x00000007a0000000)
  object space 1048576K, 86% used [0x0000000760000000,0x000000079719ddb0,0x00000007a0000000)
 Metaspace       used 166911K, capacity 188009K, committed 195288K, reserved 1216512K
  class space    used 21853K, capacity 27961K, committed 28928K, reserved 1048576K
}
Event: 25485.343 GC heap before
{Heap before GC invocations=331 (full 24):
 PSYoungGen      total 349696K, used 182718K [0x00000007a0000000, 0x00000007c0000000, 0x00000007c0000000)
  eden space 175104K, 100% used [0x00000007a0000000,0x00000007aab00000,0x00000007aab00000)
  from space 174592K, 4% used [0x00000007b5580000,0x00000007b5cefa98,0x00000007c0000000)
  to   space 174592K, 0% used [0x00000007aab00000,0x00000007aab00000,0x00000007b5580000)
 ParOldGen       total 1048576K, used 902775K [0x0000000760000000, 0x00000007a0000000, 0x00000007a0000000)
  object space 1048576K, 86% used [0x0000000760000000,0x000000079719ddb0,0x00000007a0000000)
 Metaspace       used 172496K, capacity 193689K, committed 195288K, reserved 1216512K
  class space    used 22550K, capacity 28691K, committed 28928K, reserved 1048576K
Event: 25485.408 GC heap after
Heap after GC invocations=331 (full 24):
 PSYoungGen      total 246784K, used 71507K [0x00000007a0000000, 0x00000007bff00000, 0x00000007c0000000)
  eden space 175104K, 0% used [0x00000007a0000000,0x00000007a0000000,0x00000007aab00000)
  from space 71680K, 99% used [0x00000007aab00000,0x00000007af0d4c38,0x00000007af100000)
  to   space 174080K, 0% used [0x00000007b5500000,0x00000007b5500000,0x00000007bff00000)
 ParOldGen       total 1048576K, used 907300K [0x0000000760000000, 0x00000007a0000000, 0x00000007a0000000)
  object space 1048576K, 86% used [0x0000000760000000,0x00000007976093e8,0x00000007a0000000)
 Metaspace       used 172496K, capacity 193689K, committed 195288K, reserved 1216512K
  class space    used 22550K, capacity 28691K, committed 28928K, reserved 1048576K
}
Event: 25486.372 GC heap before
{Heap before GC invocations=332 (full 24):
 PSYoungGen      total 246784K, used 246611K [0x00000007a0000000, 0x00000007bff00000, 0x00000007c0000000)
  eden space 175104K, 100% used [0x00000007a0000000,0x00000007aab00000,0x00000007aab00000)
  from space 71680K, 99% used [0x00000007aab00000,0x00000007af0d4c38,0x00000007af100000)
  to   space 174080K, 0% used [0x00000007b5500000,0x00000007b5500000,0x00000007bff00000)
 ParOldGen       total 1048576K, used 907300K [0x0000000760000000, 0x00000007a0000000, 0x00000007a0000000)
  object space 1048576K, 86% used [0x0000000760000000,0x00000007976093e8,0x00000007a0000000)
 Metaspace       used 173200K, capacity 194373K, committed 195672K, reserved 1216512K
  class space    used 22702K, capacity 28829K, committed 29056K, reserved 1048576K
Event: 25486.417 GC heap after
Heap after GC invocations=332 (full 24):
 PSYoungGen      total 348672K, used 97342K [0x00000007a0000000, 0x00000007c0000000, 0x00000007c0000000)
  eden space 174592K, 0% used [0x00000007a0000000,0x00000007a0000000,0x00000007aaa80000)
  from space 174080K, 55% used [0x00000007b5500000,0x00000007bb40fbc0,0x00000007bff00000)
  to   space 174592K, 0% used [0x00000007aaa80000,0x00000007aaa80000,0x00000007b5500000)
 ParOldGen       total 1048576K, used 907308K [0x0000000760000000, 0x00000007a0000000, 0x00000007a0000000)
  object space 1048576K, 86% used [0x0000000760000000,0x000000079760b3e8,0x00000007a0000000)
 Metaspace       used 173200K, capacity 194373K, committed 195672K, reserved 1216512K
  class space    used 22702K, capacity 28829K, committed 29056K, reserved 1048576K
}
Event: 25742.036 GC heap before
{Heap before GC invocations=333 (full 24):
 PSYoungGen      total 348672K, used 271934K [0x00000007a0000000, 0x00000007c0000000, 0x00000007c0000000)
  eden space 174592K, 100% used [0x00000007a0000000,0x00000007aaa80000,0x00000007aaa80000)
  from space 174080K, 55% used [0x00000007b5500000,0x00000007bb40fbc0,0x00000007bff00000)
  to   space 174592K, 0% used [0x00000007aaa80000,0x00000007aaa80000,0x00000007b5500000)
 ParOldGen       total 1048576K, used 907308K [0x0000000760000000, 0x00000007a0000000, 0x00000007a0000000)
  object space 1048576K, 86% used [0x0000000760000000,0x000000079760b3e8,0x00000007a0000000)
 Metaspace       used 173244K, capacity 194499K, committed 195800K, reserved 1216512K
  class space    used 22713K, capacity 28870K, committed 29184K, reserved 1048576K
Event: 25742.090 GC heap after
Heap after GC invocations=333 (full 24):
 PSYoungGen      total 349184K, used 5561K [0x00000007a0000000, 0x00000007c0000000, 0x00000007c0000000)
  eden space 174592K, 0% used [0x00000007a0000000,0x00000007a0000000,0x00000007aaa80000)
  from space 174592K, 3% used [0x00000007aaa80000,0x00000007aafee618,0x00000007b5500000)
  to   space 174592K, 0% used [0x00000007b5580000,0x00000007b5580000,0x00000007c0000000)
 ParOldGen       total 1048576K, used 988831K [0x0000000760000000, 0x00000007a0000000, 0x00000007a0000000)
  object space 1048576K, 94% used [0x0000000760000000,0x000000079c5a7ee0,0x00000007a0000000)
 Metaspace       used 173244K, capacity 194499K, committed 195800K, reserved 1216512K
  class space    used 22713K, capacity 28870K, committed 29184K, reserved 1048576K
}
Event: 25742.090 GC heap before
{Heap before GC invocations=334 (full 25):
 PSYoungGen      total 349184K, used 5561K [0x00000007a0000000, 0x00000007c0000000, 0x00000007c0000000)
  eden space 174592K, 0% used [0x00000007a0000000,0x00000007a0000000,0x00000007aaa80000)
  from space 174592K, 3% used [0x00000007aaa80000,0x00000007aafee618,0x00000007b5500000)
  to   space 174592K, 0% used [0x00000007b5580000,0x00000007b5580000,0x00000007c0000000)
 ParOldGen       total 1048576K, used 988831K [0x0000000760000000, 0x00000007a0000000, 0x00000007a0000000)
  object space 1048576K, 94% used [0x0000000760000000,0x000000079c5a7ee0,0x00000007a0000000)
 Metaspace       used 173244K, capacity 194499K, committed 195800K, reserved 1216512K
  class space    used 22713K, capacity 28870K, committed 29184K, reserved 1048576K
Event: 25745.759 GC heap after
Heap after GC invocations=334 (full 25):
 PSYoungGen      total 349184K, used 0K [0x00000007a0000000, 0x00000007c0000000, 0x00000007c0000000)
  eden space 174592K, 0% used [0x00000007a0000000,0x00000007a0000000,0x00000007aaa80000)
  from space 174592K, 0% used [0x00000007aaa80000,0x00000007aaa80000,0x00000007b5500000)
  to   space 174592K, 0% used [0x00000007b5580000,0x00000007b5580000,0x00000007c0000000)
 ParOldGen       total 1048576K, used 962225K [0x0000000760000000, 0x00000007a0000000, 0x00000007a0000000)
  object space 1048576K, 91% used [0x0000000760000000,0x000000079abac698,0x00000007a0000000)
 Metaspace       used 173086K, capacity 194241K, committed 195800K, reserved 1216512K
  class space    used 22690K, capacity 28827K, committed 29184K, reserved 1048576K
}
Event: 25746.617 GC heap before
{Heap before GC invocations=335 (full 26):
 PSYoungGen      total 349184K, used 174127K [0x00000007a0000000, 0x00000007c0000000, 0x00000007c0000000)
  eden space 174592K, 99% used [0x00000007a0000000,0x00000007aaa0be38,0x00000007aaa80000)
  from space 174592K, 0% used [0x00000007aaa80000,0x00000007aaa80000,0x00000007b5500000)
  to   space 174592K, 0% used [0x00000007b5580000,0x00000007b5580000,0x00000007c0000000)
 ParOldGen       total 1048576K, used 962225K [0x0000000760000000, 0x00000007a0000000, 0x00000007a0000000)
  object space 1048576K, 91% used [0x0000000760000000,0x000000079abac698,0x00000007a0000000)
 Metaspace       used 173089K, capacity 194241K, committed 195800K, reserved 1216512K
  class space    used 22690K, capacity 28827K, committed 29184K, reserved 1048576K

Deoptimization events (10 events):
Event: 24621.698 Thread 0x00007fff58a2f000 Uncommon trap: reason=class_check action=maybe_recompile pc=0x000000011f1526a4 method=java.util.concurrent.ConcurrentHashMap.computeIfAbsent(Ljava/lang/Object;Ljava/util/function/Function;)Ljava/lang/Object; @ 278
Event: 24621.797 Thread 0x00007fff4fd77800 Uncommon trap: reason=class_check action=maybe_recompile pc=0x000000011f1526a4 method=java.util.concurrent.ConcurrentHashMap.computeIfAbsent(Ljava/lang/Object;Ljava/util/function/Function;)Ljava/lang/Object; @ 278
Event: 25048.003 Thread 0x00007fff4eee8000 Uncommon trap: reason=class_check action=maybe_recompile pc=0x000000011ed0443c method=com.sun.tools.javac.comp.Lower.access(Lcom/sun/tools/javac/code/Symbol;Lcom/sun/tools/javac/tree/JCTree$JCExpression;Lcom/sun/tools/javac/tree/JCTree$JCExpression;Z)Lcom
Event: 25115.319 Thread 0x00007fff4f7ad800 Uncommon trap: reason=unstable_if action=reinterpret pc=0x000000011b196678 method=org.gradle.internal.logging.console.BuildLogLevelFilterRenderer.onOutput(Lorg/gradle/internal/logging/events/OutputEvent;)V @ 18
Event: 25117.903 Thread 0x00007fff4cf36800 Uncommon trap: reason=class_check action=maybe_recompile pc=0x000000011ed0443c method=com.sun.tools.javac.comp.Lower.access(Lcom/sun/tools/javac/code/Symbol;Lcom/sun/tools/javac/tree/JCTree$JCExpression;Lcom/sun/tools/javac/tree/JCTree$JCExpression;Z)Lcom
Event: 25187.110 Thread 0x00007fff59041800 Uncommon trap: reason=class_check action=maybe_recompile pc=0x000000011ed0443c method=com.sun.tools.javac.comp.Lower.access(Lcom/sun/tools/javac/code/Symbol;Lcom/sun/tools/javac/tree/JCTree$JCExpression;Lcom/sun/tools/javac/tree/JCTree$JCExpression;Z)Lcom
Event: 25485.732 Thread 0x00007fff57977000 Uncommon trap: reason=unstable_if action=reinterpret pc=0x000000011cf79cd4 method=com.sun.tools.javac.comp.Resolve.findField(Lcom/sun/tools/javac/comp/Env;Lcom/sun/tools/javac/code/Type;Lcom/sun/tools/javac/util/Name;Lcom/sun/tools/javac/code/Symbol$TypeS
Event: 25485.732 Thread 0x00007fff57977000 Uncommon trap: reason=unstable_if action=reinterpret pc=0x000000011cf79800 method=com.sun.tools.javac.comp.Resolve.findField(Lcom/sun/tools/javac/comp/Env;Lcom/sun/tools/javac/code/Type;Lcom/sun/tools/javac/util/Name;Lcom/sun/tools/javac/code/Symbol$TypeS
Event: 25485.732 Thread 0x00007fff57977000 Uncommon trap: reason=unstable_if action=reinterpret pc=0x000000011cf79800 method=com.sun.tools.javac.comp.Resolve.findField(Lcom/sun/tools/javac/comp/Env;Lcom/sun/tools/javac/code/Type;Lcom/sun/tools/javac/util/Name;Lcom/sun/tools/javac/code/Symbol$TypeS
Event: 25485.735 Thread 0x00007fff57977000 Uncommon trap: reason=speculate_class_check action=maybe_recompile pc=0x000000011f633310 method=com.sun.tools.javac.util.List.prependList(Lcom/sun/tools/javac/util/List;)Lcom/sun/tools/javac/util/List; @ 10

Classes redefined (0 events):
No events

Internal exceptions (10 events):
Event: 25746.022 Thread 0x00007fff5776e000 Exception <a 'sun/nio/fs/UnixException'> (0x00000007a3008700) thrown at [/Volumes/android/AOSP-openjdk-git/jdk8u/hotspot/src/share/vm/prims/jni.cpp, line 709]
Event: 25746.022 Thread 0x00007fff5776e000 Exception <a 'sun/nio/fs/UnixException'> (0x00000007a3009b80) thrown at [/Volumes/android/AOSP-openjdk-git/jdk8u/hotspot/src/share/vm/prims/jni.cpp, line 709]
Event: 25746.022 Thread 0x00007fff5776e000 Exception <a 'sun/nio/fs/UnixException'> (0x00000007a300ba40) thrown at [/Volumes/android/AOSP-openjdk-git/jdk8u/hotspot/src/share/vm/prims/jni.cpp, line 709]
Event: 25746.022 Thread 0x00007fff5776e000 Exception <a 'sun/nio/fs/UnixException'> (0x00000007a300cf30) thrown at [/Volumes/android/AOSP-openjdk-git/jdk8u/hotspot/src/share/vm/prims/jni.cpp, line 709]
Event: 25746.023 Thread 0x00007fff5776e000 Exception <a 'sun/nio/fs/UnixException'> (0x00000007a300f588) thrown at [/Volumes/android/AOSP-openjdk-git/jdk8u/hotspot/src/share/vm/prims/jni.cpp, line 709]
Event: 25746.023 Thread 0x00007fff5776e000 Exception <a 'sun/nio/fs/UnixException'> (0x00000007a3010a08) thrown at [/Volumes/android/AOSP-openjdk-git/jdk8u/hotspot/src/share/vm/prims/jni.cpp, line 709]
Event: 25746.023 Thread 0x00007fff5776e000 Exception <a 'sun/nio/fs/UnixException'> (0x00000007a30128c8) thrown at [/Volumes/android/AOSP-openjdk-git/jdk8u/hotspot/src/share/vm/prims/jni.cpp, line 709]
Event: 25746.023 Thread 0x00007fff5776e000 Exception <a 'sun/nio/fs/UnixException'> (0x00000007a3013db8) thrown at [/Volumes/android/AOSP-openjdk-git/jdk8u/hotspot/src/share/vm/prims/jni.cpp, line 709]
Event: 25746.023 Thread 0x00007fff5776e000 Exception <a 'sun/nio/fs/UnixException'> (0x00000007a30162f8) thrown at [/Volumes/android/AOSP-openjdk-git/jdk8u/hotspot/src/share/vm/prims/jni.cpp, line 709]
Event: 25746.023 Thread 0x00007fff5776e000 Exception <a 'sun/nio/fs/UnixException'> (0x00000007a30176a8) thrown at [/Volumes/android/AOSP-openjdk-git/jdk8u/hotspot/src/share/vm/prims/jni.cpp, line 709]

Events (10 events):
Event: 25746.565 Thread 0x00007fff4fb08000 Thread added: 0x00007fff4fb08000
Event: 25746.566 Thread 0x00007fff4f650000 Thread added: 0x00007fff4f650000
Event: 25746.566 Thread 0x00007fff58b7a000 Thread added: 0x00007fff58b7a000
Event: 25746.566 Thread 0x00007fff4dfb7000 Thread added: 0x00007fff4dfb7000
Event: 25746.566 Thread 0x00007fff4c67f800 Thread added: 0x00007fff4c67f800
Event: 25746.579 Thread 0x00007fff58b7b000 Thread added: 0x00007fff58b7b000
Event: 25746.605 Thread 0x00007fff4e052800 flushing nmethod 0x000000011c9f0990
Event: 25746.605 Thread 0x00007fff4e052800 flushing nmethod 0x000000011c9f1690
Event: 25746.607 Thread 0x00007fff4e052800 flushing nmethod 0x000000011ce31f10
Event: 25746.617 Executing VM operation: ParallelGCFailedAllocation


Dynamic libraries:
0x000000003b6a3000 	/System/Library/Frameworks/Cocoa.framework/Versions/A/Cocoa
0x000000003b6a3000 	/System/Library/Frameworks/Security.framework/Versions/A/Security
0x000000003b6a3000 	/System/Library/Frameworks/ApplicationServices.framework/Versions/A/ApplicationServices
0x000000003b6a3000 	/usr/lib/libz.1.dylib
0x000000003b6a3000 	/usr/lib/libSystem.B.dylib
0x000000003b6a3000 	/System/Library/Frameworks/CoreFoundation.framework/Versions/A/CoreFoundation
0x000000003b6a3000 	/System/Library/Frameworks/Foundation.framework/Versions/C/Foundation
0x000000003b6a3000 	/usr/lib/libobjc.A.dylib
0x000000003b6a3000 	/System/Library/Frameworks/AppKit.framework/Versions/C/AppKit
0x000000003b6a3000 	/System/Library/Frameworks/CoreData.framework/Versions/A/CoreData
0x000000003b6a3000 	/System/Library/PrivateFrameworks/RemoteViewServices.framework/Versions/A/RemoteViewServices
0x000000003b6a3000 	/System/Library/PrivateFrameworks/UIFoundation.framework/Versions/A/UIFoundation
0x000000003b6a3000 	/System/Library/PrivateFrameworks/DFRFoundation.framework/Versions/A/DFRFoundation
0x000000003b6a3000 	/usr/lib/libenergytrace.dylib
0x000000003b6a3000 	/System/Library/PrivateFrameworks/SkyLight.framework/Versions/A/SkyLight
0x000000003b6a3000 	/System/Library/Frameworks/CoreGraphics.framework/Versions/A/CoreGraphics
0x000000003b6a3000 	/usr/lib/libScreenReader.dylib
0x000000003b6a3000 	/System/Library/Frameworks/Accelerate.framework/Versions/A/Accelerate
0x000000003b6a3000 	/System/Library/Frameworks/IOSurface.framework/Versions/A/IOSurface
0x000000003b6a3000 	/System/Library/Frameworks/AudioToolbox.framework/Versions/A/AudioToolbox
0x000000003b6a3000 	/System/Library/Frameworks/AudioUnit.framework/Versions/A/AudioUnit
0x000000003b6a3000 	/System/Library/PrivateFrameworks/DataDetectorsCore.framework/Versions/A/DataDetectorsCore
0x000000003b6a3000 	/System/Library/PrivateFrameworks/DesktopServicesPriv.framework/Versions/A/DesktopServicesPriv
0x000000003b6a3000 	/System/Library/Frameworks/Carbon.framework/Versions/A/Frameworks/HIToolbox.framework/Versions/A/HIToolbox
0x000000003b6a3000 	/usr/lib/libicucore.A.dylib
0x000000003b6a3000 	/System/Library/Frameworks/QuartzCore.framework/Versions/A/QuartzCore
0x000000003b6a3000 	/System/Library/Frameworks/Carbon.framework/Versions/A/Frameworks/SpeechRecognition.framework/Versions/A/SpeechRecognition
0x000000003b6a3000 	/usr/lib/libauto.dylib
0x000000003b6a3000 	/usr/lib/libxml2.2.dylib
0x000000003b6a3000 	/System/Library/PrivateFrameworks/CoreUI.framework/Versions/A/CoreUI
0x000000003b6a3000 	/System/Library/Frameworks/CoreAudio.framework/Versions/A/CoreAudio
0x000000003b6a3000 	/System/Library/Frameworks/DiskArbitration.framework/Versions/A/DiskArbitration
0x000000003b6a3000 	/usr/lib/liblangid.dylib
0x000000003b6a3000 	/System/Library/PrivateFrameworks/MultitouchSupport.framework/Versions/A/MultitouchSupport
0x000000003b6a3000 	/System/Library/Frameworks/IOKit.framework/Versions/A/IOKit
0x000000003b6a3000 	/usr/lib/libDiagnosticMessagesClient.dylib
0x000000003b6a3000 	/System/Library/Frameworks/CoreServices.framework/Versions/A/CoreServices
0x000000003b6a3000 	/System/Library/PrivateFrameworks/PerformanceAnalysis.framework/Versions/A/PerformanceAnalysis
0x000000003b6a3000 	/System/Library/PrivateFrameworks/GenerationalStorage.framework/Versions/A/GenerationalStorage
0x000000003b6a3000 	/System/Library/Frameworks/OpenGL.framework/Versions/A/OpenGL
0x000000003b6a3000 	/System/Library/Frameworks/CoreImage.framework/Versions/A/CoreImage
0x000000003b6a3000 	/System/Library/Frameworks/CoreText.framework/Versions/A/CoreText
0x000000003b6a3000 	/System/Library/Frameworks/ImageIO.framework/Versions/A/ImageIO
0x000000003b6a3000 	/System/Library/PrivateFrameworks/Backup.framework/Versions/A/Backup
0x000000003b6a3000 	/usr/lib/libarchive.2.dylib
0x000000003b6a3000 	/System/Library/Frameworks/CFNetwork.framework/Versions/A/CFNetwork
0x000000003b6a3000 	/System/Library/Frameworks/SystemConfiguration.framework/Versions/A/SystemConfiguration
0x000000003b6a3000 	/usr/lib/libCRFSuite.dylib
0x000000003b6a3000 	/usr/lib/libc++.1.dylib
0x000000003b6a3000 	/usr/lib/libc++abi.dylib
0x000000003b6a3000 	/usr/lib/system/libcache.dylib
0x000000003b6a3000 	/usr/lib/system/libcommonCrypto.dylib
0x000000003b6a3000 	/usr/lib/system/libcompiler_rt.dylib
0x000000003b6a3000 	/usr/lib/system/libcopyfile.dylib
0x000000003b6a3000 	/usr/lib/system/libcorecrypto.dylib
0x000000003b6a3000 	/usr/lib/system/libdispatch.dylib
0x000000003b6a3000 	/usr/lib/system/libdyld.dylib
0x000000003b6a3000 	/usr/lib/system/libkeymgr.dylib
0x000000003b6a3000 	/usr/lib/system/liblaunch.dylib
0x000000003b6a3000 	/usr/lib/system/libmacho.dylib
0x000000003b6a3000 	/usr/lib/system/libquarantine.dylib
0x000000003b6a3000 	/usr/lib/system/libremovefile.dylib
0x000000003b6a3000 	/usr/lib/system/libsystem_asl.dylib
0x000000003b6a3000 	/usr/lib/system/libsystem_blocks.dylib
0x000000003b6a3000 	/usr/lib/system/libsystem_c.dylib
0x000000003b6a3000 	/usr/lib/system/libsystem_configuration.dylib
0x000000003b6a3000 	/usr/lib/system/libsystem_coreservices.dylib
0x000000003b6a3000 	/usr/lib/system/libsystem_coretls.dylib
0x000000003b6a3000 	/usr/lib/system/libsystem_dnssd.dylib
0x000000003b6a3000 	/usr/lib/system/libsystem_info.dylib
0x000000003b6a3000 	/usr/lib/system/libsystem_kernel.dylib
0x000000003b6a3000 	/usr/lib/system/libsystem_m.dylib
0x000000003b6a3000 	/usr/lib/system/libsystem_malloc.dylib
0x000000003b6a3000 	/usr/lib/system/libsystem_network.dylib
0x000000003b6a3000 	/usr/lib/system/libsystem_networkextension.dylib
0x000000003b6a3000 	/usr/lib/system/libsystem_notify.dylib
0x000000003b6a3000 	/usr/lib/system/libsystem_platform.dylib
0x000000003b6a3000 	/usr/lib/system/libsystem_pthread.dylib
0x000000003b6a3000 	/usr/lib/system/libsystem_sandbox.dylib
0x000000003b6a3000 	/usr/lib/system/libsystem_secinit.dylib
0x000000003b6a3000 	/usr/lib/system/libsystem_symptoms.dylib
0x000000003b6a3000 	/usr/lib/system/libsystem_trace.dylib
0x000000003b6a3000 	/usr/lib/system/libunwind.dylib
0x000000003b6a3000 	/usr/lib/system/libxpc.dylib
0x000000003b6a3000 	/usr/lib/libbsm.0.dylib
0x000000003b6a3000 	/usr/lib/system/libkxld.dylib
0x000000003b6a3000 	/usr/lib/libcoretls.dylib
0x000000003b6a3000 	/usr/lib/libcoretls_cfhelpers.dylib
0x000000003b6a3000 	/usr/lib/libOpenScriptingUtil.dylib
0x000000003b6a3000 	/usr/lib/libpam.2.dylib
0x000000003b6a3000 	/usr/lib/libsqlite3.dylib
0x000000003b6a3000 	/usr/lib/libxar.1.dylib
0x000000003b6a3000 	/usr/lib/libbz2.1.0.dylib
0x000000003b6a3000 	/usr/lib/liblzma.5.dylib
0x000000003b6a3000 	/usr/lib/libnetwork.dylib
0x000000003b6a3000 	/usr/lib/libpcap.A.dylib
0x000000003b6a3000 	/System/Library/Frameworks/CoreServices.framework/Versions/A/Frameworks/FSEvents.framework/Versions/A/FSEvents
0x000000003b6a3000 	/System/Library/Frameworks/CoreServices.framework/Versions/A/Frameworks/CarbonCore.framework/Versions/A/CarbonCore
0x000000003b6a3000 	/System/Library/Frameworks/CoreServices.framework/Versions/A/Frameworks/Metadata.framework/Versions/A/Metadata
0x000000003b6a3000 	/System/Library/Frameworks/CoreServices.framework/Versions/A/Frameworks/OSServices.framework/Versions/A/OSServices
0x000000003b6a3000 	/System/Library/Frameworks/CoreServices.framework/Versions/A/Frameworks/SearchKit.framework/Versions/A/SearchKit
0x000000003b6a3000 	/System/Library/Frameworks/CoreServices.framework/Versions/A/Frameworks/AE.framework/Versions/A/AE
0x000000003b6a3000 	/System/Library/Frameworks/CoreServices.framework/Versions/A/Frameworks/LaunchServices.framework/Versions/A/LaunchServices
0x000000003b6a3000 	/System/Library/Frameworks/CoreServices.framework/Versions/A/Frameworks/DictionaryServices.framework/Versions/A/DictionaryServices
0x000000003b6a3000 	/System/Library/Frameworks/CoreServices.framework/Versions/A/Frameworks/SharedFileList.framework/Versions/A/SharedFileList
0x000000003b6a3000 	/System/Library/Frameworks/NetFS.framework/Versions/A/NetFS
0x000000003b6a3000 	/System/Library/PrivateFrameworks/NetAuth.framework/Versions/A/NetAuth
0x000000003b6a3000 	/System/Library/PrivateFrameworks/login.framework/Versions/A/Frameworks/loginsupport.framework/Versions/A/loginsupport
0x000000003b6a3000 	/System/Library/PrivateFrameworks/TCC.framework/Versions/A/TCC
0x000000003b6a3000 	/usr/lib/libmecabra.dylib
0x000000003b6a3000 	/System/Library/Frameworks/ApplicationServices.framework/Versions/A/Frameworks/ATS.framework/Versions/A/ATS
0x000000003b6a3000 	/System/Library/Frameworks/ApplicationServices.framework/Versions/A/Frameworks/ColorSync.framework/Versions/A/ColorSync
0x000000003b6a3000 	/System/Library/Frameworks/ApplicationServices.framework/Versions/A/Frameworks/HIServices.framework/Versions/A/HIServices
0x000000003b6a3000 	/System/Library/Frameworks/ApplicationServices.framework/Versions/A/Frameworks/LangAnalysis.framework/Versions/A/LangAnalysis
0x000000003b6a3000 	/System/Library/Frameworks/ApplicationServices.framework/Versions/A/Frameworks/PrintCore.framework/Versions/A/PrintCore
0x000000003b6a3000 	/System/Library/Frameworks/ApplicationServices.framework/Versions/A/Frameworks/QD.framework/Versions/A/QD
0x000000003b6a3000 	/System/Library/Frameworks/ApplicationServices.framework/Versions/A/Frameworks/SpeechSynthesis.framework/Versions/A/SpeechSynthesis
0x000000003b6a3000 	/System/Library/Frameworks/Accelerate.framework/Versions/A/Frameworks/vImage.framework/Versions/A/vImage
0x000000003b6a3000 	/System/Library/Frameworks/Accelerate.framework/Versions/A/Frameworks/vecLib.framework/Versions/A/vecLib
0x000000003b6a3000 	/System/Library/Frameworks/Accelerate.framework/Versions/A/Frameworks/vecLib.framework/Versions/A/libvDSP.dylib
0x000000003b6a3000 	/System/Library/Frameworks/Accelerate.framework/Versions/A/Frameworks/vecLib.framework/Versions/A/libBNNS.dylib
0x000000003b6a3000 	/System/Library/Frameworks/Accelerate.framework/Versions/A/Frameworks/vecLib.framework/Versions/A/libQuadrature.dylib
0x000000003b6a3000 	/System/Library/Frameworks/Accelerate.framework/Versions/A/Frameworks/vecLib.framework/Versions/A/libvMisc.dylib
0x000000003b6a3000 	/System/Library/Frameworks/Accelerate.framework/Versions/A/Frameworks/vecLib.framework/Versions/A/libLAPACK.dylib
0x000000003b6a3000 	/System/Library/Frameworks/Accelerate.framework/Versions/A/Frameworks/vecLib.framework/Versions/A/libBLAS.dylib
0x000000003b6a3000 	/System/Library/Frameworks/Accelerate.framework/Versions/A/Frameworks/vecLib.framework/Versions/A/libLinearAlgebra.dylib
0x000000003b6a3000 	/System/Library/Frameworks/Accelerate.framework/Versions/A/Frameworks/vecLib.framework/Versions/A/libSparseBLAS.dylib
0x000000003b6a3000 	/System/Library/Frameworks/ApplicationServices.framework/Versions/A/Frameworks/ATS.framework/Versions/A/Resources/libFontParser.dylib
0x000000003b6a3000 	/System/Library/Frameworks/ApplicationServices.framework/Versions/A/Frameworks/ATS.framework/Versions/A/Resources/libFontRegistry.dylib
0x000000003b6a3000 	/System/Library/Frameworks/ImageIO.framework/Versions/A/Resources/libJPEG.dylib
0x000000003b6a3000 	/System/Library/Frameworks/ImageIO.framework/Versions/A/Resources/libTIFF.dylib
0x000000003b6a3000 	/System/Library/Frameworks/ImageIO.framework/Versions/A/Resources/libPng.dylib
0x000000003b6a3000 	/System/Library/Frameworks/ImageIO.framework/Versions/A/Resources/libGIF.dylib
0x000000003b6a3000 	/System/Library/Frameworks/ImageIO.framework/Versions/A/Resources/libJP2.dylib
0x000000003b6a3000 	/System/Library/Frameworks/ImageIO.framework/Versions/A/Resources/libRadiance.dylib
0x000000003b6a3000 	/usr/lib/libcompression.dylib
0x000000003b6a3000 	/System/Library/PrivateFrameworks/AppleJPEG.framework/Versions/A/AppleJPEG
0x000000003b6a3000 	/usr/lib/libcups.2.dylib
0x000000003b6a3000 	/System/Library/Frameworks/Kerberos.framework/Versions/A/Kerberos
0x000000003b6a3000 	/System/Library/Frameworks/GSS.framework/Versions/A/GSS
0x000000003b6a3000 	/usr/lib/libresolv.9.dylib
0x000000003b6a3000 	/usr/lib/libiconv.2.dylib
0x000000003b6a3000 	/System/Library/PrivateFrameworks/Heimdal.framework/Versions/A/Heimdal
0x000000003b6a3000 	/usr/lib/libheimdal-asn1.dylib
0x000000003b6a3000 	/System/Library/Frameworks/OpenDirectory.framework/Versions/A/OpenDirectory
0x000000003b6a3000 	/System/Library/PrivateFrameworks/CommonAuth.framework/Versions/A/CommonAuth
0x000000003b6a3000 	/System/Library/Frameworks/OpenDirectory.framework/Versions/A/Frameworks/CFOpenDirectory.framework/Versions/A/CFOpenDirectory
0x000000003b6a3000 	/System/Library/Frameworks/SecurityFoundation.framework/Versions/A/SecurityFoundation
0x000000003b6a3000 	/System/Library/PrivateFrameworks/LanguageModeling.framework/Versions/A/LanguageModeling
0x000000003b6a3000 	/usr/lib/libmarisa.dylib
0x000000003b6a3000 	/usr/lib/libChineseTokenizer.dylib
0x000000003b6a3000 	/usr/lib/libcmph.dylib
0x000000003b6a3000 	/System/Library/PrivateFrameworks/CoreEmoji.framework/Versions/A/CoreEmoji
0x000000003b6a3000 	/System/Library/Frameworks/ServiceManagement.framework/Versions/A/ServiceManagement
0x000000003b6a3000 	/usr/lib/libxslt.1.dylib
0x000000003b6a3000 	/System/Library/Frameworks/Carbon.framework/Versions/A/Frameworks/Ink.framework/Versions/A/Ink
0x000000003b6a3000 	/System/Library/PrivateFrameworks/TextureIO.framework/Versions/A/TextureIO
0x000000003b6a3000 	/System/Library/Frameworks/Metal.framework/Versions/A/Metal
0x000000003b6a3000 	/usr/lib/libate.dylib
0x000000003b6a3000 	/System/Library/PrivateFrameworks/GPUCompiler.framework/libmetal_timestamp.dylib
0x000000003b6a3000 	/System/Library/Frameworks/OpenGL.framework/Versions/A/Libraries/libCoreFSCache.dylib
0x000000003b6a3000 	/System/Library/PrivateFrameworks/IOAccelerator.framework/Versions/A/IOAccelerator
0x000000003b6a3000 	/System/Library/Frameworks/CoreVideo.framework/Versions/A/CoreVideo
0x000000003b6a3000 	/usr/lib/libFosl_dynamic.dylib
0x000000003b6a3000 	/System/Library/PrivateFrameworks/MetalPerformanceShaders.framework/Versions/A/MetalPerformanceShaders
0x000000003b6a3000 	/System/Library/PrivateFrameworks/FaceCore.framework/Versions/A/FaceCore
0x000000003b6a3000 	/System/Library/Frameworks/OpenCL.framework/Versions/A/OpenCL
0x000000003b6a3000 	/System/Library/Frameworks/OpenGL.framework/Versions/A/Libraries/libGLU.dylib
0x000000003b6a3000 	/System/Library/Frameworks/OpenGL.framework/Versions/A/Libraries/libGFXShared.dylib
0x000000003b6a3000 	/System/Library/Frameworks/OpenGL.framework/Versions/A/Libraries/libGL.dylib
0x000000003b6a3000 	/System/Library/Frameworks/OpenGL.framework/Versions/A/Libraries/libGLImage.dylib
0x000000003b6a3000 	/System/Library/Frameworks/OpenGL.framework/Versions/A/Libraries/libCVMSPluginSupport.dylib
0x000000003b6a3000 	/System/Library/Frameworks/OpenGL.framework/Versions/A/Libraries/libCoreVMClient.dylib
0x000000003b6a3000 	/System/Library/PrivateFrameworks/CrashReporterSupport.framework/Versions/A/CrashReporterSupport
0x000000003b6a3000 	/System/Library/PrivateFrameworks/Sharing.framework/Versions/A/Sharing
0x000000003b6a3000 	/System/Library/PrivateFrameworks/IconServices.framework/Versions/A/IconServices
0x000000003b6a3000 	/System/Library/PrivateFrameworks/ProtocolBuffer.framework/Versions/A/ProtocolBuffer
0x000000003b6a3000 	/System/Library/PrivateFrameworks/Apple80211.framework/Versions/A/Apple80211
0x000000003b6a3000 	/System/Library/Frameworks/CoreWLAN.framework/Versions/A/CoreWLAN
0x000000003b6a3000 	/System/Library/PrivateFrameworks/CoreUtils.framework/Versions/A/CoreUtils
0x000000003b6a3000 	/System/Library/Frameworks/IOBluetooth.framework/Versions/A/IOBluetooth
0x000000003b6a3000 	/System/Library/PrivateFrameworks/CoreWiFi.framework/Versions/A/CoreWiFi
0x000000003b6a3000 	/System/Library/Frameworks/CoreBluetooth.framework/Versions/A/CoreBluetooth
0x000000003b6a3000 	/System/Library/Frameworks/CoreDisplay.framework/Versions/A/CoreDisplay
0x000000003b6a3000 	/System/Library/PrivateFrameworks/IOPresentment.framework/Versions/A/IOPresentment
0x000000003b6a3000 	/System/Library/PrivateFrameworks/DSExternalDisplay.framework/Versions/A/DSExternalDisplay
0x000000003b6a3000 	/System/Library/PrivateFrameworks/DebugSymbols.framework/Versions/A/DebugSymbols
0x000000003b6a3000 	/System/Library/PrivateFrameworks/CoreSymbolication.framework/Versions/A/CoreSymbolication
0x000000003b6a3000 	/System/Library/PrivateFrameworks/Symbolication.framework/Versions/A/Symbolication
0x000000003b6a3000 	/System/Library/PrivateFrameworks/AppleFSCompression.framework/Versions/A/AppleFSCompression
0x000000003b6a3000 	/System/Library/PrivateFrameworks/SpeechRecognitionCore.framework/Versions/A/SpeechRecognitionCore
0x000000003b6a3000 	/System/Library/PrivateFrameworks/ChunkingLibrary.framework/Versions/A/ChunkingLibrary
0x000000010c400000 	/Applications/Android Studio.app/Contents/jre/jdk/Contents/Home/jre/lib/server/libjvm.dylib
0x000000003b6a3000 	/usr/lib/libstdc++.6.dylib
0x000000010b358000 	/Applications/Android Studio.app/Contents/jre/jdk/Contents/Home/jre/lib/libverify.dylib
0x000000010b364000 	/Applications/Android Studio.app/Contents/jre/jdk/Contents/Home/jre/lib/libjava.dylib
0x000000010b3a2000 	/Applications/Android Studio.app/Contents/jre/jdk/Contents/Home/jre/lib/libzip.dylib
0x0000000113895000 	/Applications/Android Studio.app/Contents/jre/jdk/Contents/Home/jre/lib/libnet.dylib
0x00000001138ac000 	/Applications/Android Studio.app/Contents/jre/jdk/Contents/Home/jre/lib/libnio.dylib
0x00000001138bc000 	/Users/asvetlichniy/.gradle/native/25/osx-amd64/libnative-platform.dylib
0x0000000113c6c000 	/Applications/Android Studio.app/Contents/jre/jdk/Contents/Home/jre/lib/libmanagement.dylib
0x0000000114794000 	/Applications/Android Studio.app/Contents/jre/jdk/Contents/Home/jre/lib/libawt.dylib
0x00000001151db000 	/Applications/Android Studio.app/Contents/jre/jdk/Contents/Home/jre/lib/./libmlib_image.dylib
0x0000000113652000 	/System/Library/Frameworks/JavaVM.framework/Versions/A/Frameworks/JavaNativeFoundation.framework/Versions/A/JavaNativeFoundation
0x0000000113667000 	/System/Library/Frameworks/JavaVM.framework/Versions/A/Frameworks/JavaRuntimeSupport.framework/Versions/A/JavaRuntimeSupport
0x000000011377e000 	/System/Library/Frameworks/JavaVM.framework/Versions/A/JavaVM
0x000000011378b000 	/System/Library/PrivateFrameworks/JavaLaunching.framework/Versions/A/JavaLaunching
0x000000003b6a3000 	/System/Library/Frameworks/Carbon.framework/Versions/A/Carbon
0x000000003b6a3000 	/System/Library/Frameworks/Carbon.framework/Versions/A/Frameworks/CommonPanels.framework/Versions/A/CommonPanels
0x000000003b6a3000 	/System/Library/Frameworks/Carbon.framework/Versions/A/Frameworks/Help.framework/Versions/A/Help
0x000000003b6a3000 	/System/Library/Frameworks/Carbon.framework/Versions/A/Frameworks/ImageCapture.framework/Versions/A/ImageCapture
0x000000003b6a3000 	/System/Library/Frameworks/Carbon.framework/Versions/A/Frameworks/OpenScripting.framework/Versions/A/OpenScripting
0x000000003b6a3000 	/System/Library/Frameworks/Carbon.framework/Versions/A/Frameworks/Print.framework/Versions/A/Print
0x000000003b6a3000 	/System/Library/Frameworks/Carbon.framework/Versions/A/Frameworks/SecurityHI.framework/Versions/A/SecurityHI
0x00000001155ff000 	/Applications/Android Studio.app/Contents/jre/jdk/Contents/Home/jre/lib/libawt_lwawt.dylib
0x00000001137bd000 	/Applications/Android Studio.app/Contents/jre/jdk/Contents/Home/jre/lib/./libosxapp.dylib
0x000000003b6a3000 	/System/Library/Frameworks/ExceptionHandling.framework/Versions/A/ExceptionHandling
0x0000000114838000 	/Applications/Android Studio.app/Contents/jre/jdk/Contents/Home/jre/lib/libsunec.dylib

VM Arguments:
jvm_args: -Xmx1536m -Dfile.encoding=UTF-8 -Duser.country=UA -Duser.language=en -Duser.variant 
java_command: org.gradle.launcher.daemon.bootstrap.GradleDaemon 4.1
java_class_path (initial): /Users/asvetlichniy/.gradle/wrapper/dists/gradle-4.1-all/bzyivzo6n839fup2jbap0tjew/gradle-4.1/lib/gradle-launcher-4.1.jar
Launcher Type: SUN_STANDARD

Environment Variables:
PATH=/usr/bin:/bin:/usr/sbin:/sbin
SHELL=/bin/bash

Signal Handlers:
SIGSEGV: [libjvm.dylib+0x53e133], sa_mask[0]=11111111011111110111111111111111, sa_flags=SA_ONSTACK|SA_RESTART|SA_SIGINFO
SIGBUS: [libjvm.dylib+0x53e133], sa_mask[0]=11111111011111110111111111111111, sa_flags=SA_RESTART|SA_SIGINFO
SIGFPE: [libjvm.dylib+0x4369af], sa_mask[0]=11111111011111110111111111111111, sa_flags=SA_RESTART|SA_SIGINFO
SIGPIPE: [libjvm.dylib+0x4369af], sa_mask[0]=11111111011111110111111111111111, sa_flags=SA_RESTART|SA_SIGINFO
SIGXFSZ: [libjvm.dylib+0x4369af], sa_mask[0]=11111111011111110111111111111111, sa_flags=SA_RESTART|SA_SIGINFO
SIGILL: [libjvm.dylib+0x4369af], sa_mask[0]=11111111011111110111111111111111, sa_flags=SA_RESTART|SA_SIGINFO
SIGUSR1: SIG_DFL, sa_mask[0]=00000000000000000000000000000000, sa_flags=none
SIGUSR2: [libjvm.dylib+0x4372d4], sa_mask[0]=00100000000000000000000000000000, sa_flags=SA_RESTART|SA_SIGINFO
SIGHUP: [libjvm.dylib+0x4354c9], sa_mask[0]=11111111011111110111111111111111, sa_flags=SA_RESTART|SA_SIGINFO
SIGINT: [libjvm.dylib+0x4354c9], sa_mask[0]=11111111011111110111111111111111, sa_flags=SA_RESTART|SA_SIGINFO
SIGTERM: [libjvm.dylib+0x4354c9], sa_mask[0]=11111111011111110111111111111111, sa_flags=SA_RESTART|SA_SIGINFO
SIGQUIT: [libjvm.dylib+0x4354c9], sa_mask[0]=11111111011111110111111111111111, sa_flags=SA_RESTART|SA_SIGINFO


---------------  S Y S T E M  ---------------

OS:Bsduname:Darwin 16.7.0 Darwin Kernel Version 16.7.0: Thu Jun 15 17:36:27 PDT 2017; root:xnu-3789.70.16~2/RELEASE_X86_64 x86_64
rlimit: STACK 8192k, CORE 0k, NPROC 709, NOFILE 10240, AS infinity
load average:7.20 7.38 8.05

CPU:total 8 (initial active 8) (4 cores per cpu, 2 threads per core) family 6 model 70 stepping 1, cmov, cx8, fxsr, mmx, sse, sse2, sse3, ssse3, sse4.1, sse4.2, popcnt, avx, avx2, aes, clmul, erms, rtm, lzcnt, ht, tsc, tscinvbit, bmi1, bmi2

Memory: 4k page, physical 16777216k(136320k free)

/proc/meminfo:


vm_info: OpenJDK 64-Bit Server VM (25.152-b08) for bsd-amd64 JRE (1.8.0_152-release-915-b08), built by "builder" with gcc 4.2.1 Compatible Apple LLVM 8.1.0 (clang-802.0.42)

time: Fri Nov 24 16:11:18 2017
elapsed time: 25747 seconds (0d 7h 9m 7s)

